0 info it worked if it ends with ok
1 verbose cli [ '/usr/bin/node', '/usr/bin/npm', 'start' ]
2 info using npm@1.4.28
3 info using node@v0.10.36
4 verbose node symlink /usr/bin/node
5 verbose run-script [ 'prestart', 'start', 'poststart' ]
6 info prestart noderoutespage@0.0.1
7 info start noderoutespage@0.0.1
8 verbose unsafe-perm in lifecycle true
9 info noderoutespage@0.0.1 Failed to exec start script
10 error noderoutespage@0.0.1 start: `node ./bin/www`
10 error Exit status 8
11 error Failed at the noderoutespage@0.0.1 start script.
11 error This is most likely a problem with the noderoutespage package,
11 error not with npm itself.
11 error Tell the author that this fails on your system:
11 error     node ./bin/www
11 error You can get their info via:
11 error     npm owner ls noderoutespage
11 error There is likely additional logging output above.
12 error System Linux 3.13.0-44-generic
13 error command "/usr/bin/node" "/usr/bin/npm" "start"
14 error cwd /home/ubuntu/Git/prog272_xue/NodeRoutesParams
15 error node -v v0.10.36
16 error npm -v 1.4.28
17 error code ELIFECYCLE
18 verbose exit [ 1, true ]
